<?xml version="1.0" encoding="UTF-8"?>
<gresources>
  <gresource prefix="/com/endlessm/knowledge/test">
    <file>pig1.jpg</file>
  </gresource>
</gresources>
